<?xml version="1.0" encoding="UTF-8"?>
<testsuite xmlns:xsi="http://www.w3.org/2001/XMLSchema-instance" xsi:noNamespaceSchemaLocation="https://maven.apache.org/surefire/maven-surefire-plugin/xsd/surefire-test-report.xsd" name="fr.ensma.a3.ia.AppTest" time="0.031" tests="1" errors="0" skipped="0" failures="0">
  <properties>
    <property name="sun.desktop" value="windows"/>
    <property name="awt.toolkit" value="sun.awt.windows.WToolkit"/>
    <property name="java.specification.version" value="11"/>
    <property name="sun.cpu.isalist" value="amd64"/>
    <property name="sun.jnu.encoding" value="Cp1252"/>
    <property name="java.class.path" value="E:\Documents\Workspace\ENSMA_M2_IA_TP_Travaux-pratiques\Conception Logiciel 3\MyMultiChat\MyMultiChat-Server\target\test-classes;E:\Documents\Workspace\ENSMA_M2_IA_TP_Travaux-pratiques\Conception Logiciel 3\MyMultiChat\MyMultiChat-Server\target\classes;C:\Users\Dell\.m2\repository\org\apache\commons\commons-lang3\3.11\commons-lang3-3.11.jar;C:\Users\Dell\.m2\repository\junit\junit\4.12\junit-4.12.jar;C:\Users\Dell\.m2\repository\org\hamcrest\hamcrest-core\1.3\hamcrest-core-1.3.jar;C:\Users\Dell\.m2\repository\javax\websocket\javax.websocket-api\1.1\javax.websocket-api-1.1.jar;C:\Users\Dell\.m2\repository\com\kumuluz\ee\kumuluzee-core\3.12.0\kumuluzee-core-3.12.0.jar;C:\Users\Dell\.m2\repository\com\kumuluz\ee\kumuluzee-common\3.12.0\kumuluzee-common-3.12.0.jar;C:\Users\Dell\.m2\repository\javax\annotation\javax.annotation-api\1.3.2\javax.annotation-api-1.3.2.jar;C:\Users\Dell\.m2\repository\javax\servlet\javax.servlet-api\3.1.0\javax.servlet-api-3.1.0.jar;C:\Users\Dell\.m2\repository\javax\transaction\javax.transaction-api\1.3\javax.transaction-api-1.3.jar;C:\Users\Dell\.m2\repository\io\agroal\agroal-api\1.9\agroal-api-1.9.jar;C:\Users\Dell\.m2\repository\io\agroal\agroal-hikari\1.9\agroal-hikari-1.9.jar;C:\Users\Dell\.m2\repository\com\zaxxer\HikariCP\3.4.5\HikariCP-3.4.5.jar;C:\Users\Dell\.m2\repository\org\slf4j\slf4j-api\1.7.25\slf4j-api-1.7.25.jar;C:\Users\Dell\.m2\repository\io\agroal\agroal-pool\1.9\agroal-pool-1.9.jar;C:\Users\Dell\.m2\repository\org\yaml\snakeyaml\1.27\snakeyaml-1.27.jar;C:\Users\Dell\.m2\repository\com\kumuluz\ee\kumuluzee-servlet-jetty\3.12.0\kumuluzee-servlet-jetty-3.12.0.jar;C:\Users\Dell\.m2\repository\org\eclipse\jetty\jetty-webapp\9.4.35.v20201120\jetty-webapp-9.4.35.v20201120.jar;C:\Users\Dell\.m2\repository\org\eclipse\jetty\jetty-xml\9.4.35.v20201120\jetty-xml-9.4.35.v20201120.jar;C:\Users\Dell\.m2\repository\org\eclipse\jetty\jetty-servlet\9.4.35.v20201120\jetty-servlet-9.4.35.v20201120.jar;C:\Users\Dell\.m2\repository\org\eclipse\jetty\jetty-security\9.4.35.v20201120\jetty-security-9.4.35.v20201120.jar;C:\Users\Dell\.m2\repository\org\eclipse\jetty\jetty-util-ajax\9.4.35.v20201120\jetty-util-ajax-9.4.35.v20201120.jar;C:\Users\Dell\.m2\repository\org\eclipse\jetty\jetty-annotations\9.4.35.v20201120\jetty-annotations-9.4.35.v20201120.jar;C:\Users\Dell\.m2\repository\org\eclipse\jetty\jetty-plus\9.4.35.v20201120\jetty-plus-9.4.35.v20201120.jar;C:\Users\Dell\.m2\repository\org\ow2\asm\asm\9.0\asm-9.0.jar;C:\Users\Dell\.m2\repository\org\ow2\asm\asm-commons\9.0\asm-commons-9.0.jar;C:\Users\Dell\.m2\repository\org\ow2\asm\asm-tree\9.0\asm-tree-9.0.jar;C:\Users\Dell\.m2\repository\org\ow2\asm\asm-analysis\9.0\asm-analysis-9.0.jar;C:\Users\Dell\.m2\repository\org\eclipse\jetty\jetty-jndi\9.4.35.v20201120\jetty-jndi-9.4.35.v20201120.jar;C:\Users\Dell\.m2\repository\org\eclipse\jetty\jetty-util\9.4.35.v20201120\jetty-util-9.4.35.v20201120.jar;C:\Users\Dell\.m2\repository\org\eclipse\jetty\http2\http2-server\9.4.35.v20201120\http2-server-9.4.35.v20201120.jar;C:\Users\Dell\.m2\repository\org\eclipse\jetty\http2\http2-common\9.4.35.v20201120\http2-common-9.4.35.v20201120.jar;C:\Users\Dell\.m2\repository\org\eclipse\jetty\http2\http2-hpack\9.4.35.v20201120\http2-hpack-9.4.35.v20201120.jar;C:\Users\Dell\.m2\repository\org\eclipse\jetty\jetty-server\9.4.35.v20201120\jetty-server-9.4.35.v20201120.jar;C:\Users\Dell\.m2\repository\org\eclipse\jetty\jetty-http\9.4.35.v20201120\jetty-http-9.4.35.v20201120.jar;C:\Users\Dell\.m2\repository\org\eclipse\jetty\jetty-alpn-server\9.4.35.v20201120\jetty-alpn-server-9.4.35.v20201120.jar;C:\Users\Dell\.m2\repository\org\eclipse\jetty\http2\http2-http-client-transport\9.4.35.v20201120\http2-http-client-transport-9.4.35.v20201120.jar;C:\Users\Dell\.m2\repository\org\eclipse\jetty\jetty-client\9.4.35.v20201120\jetty-client-9.4.35.v20201120.jar;C:\Users\Dell\.m2\repository\org\eclipse\jetty\http2\http2-client\9.4.35.v20201120\http2-client-9.4.35.v20201120.jar;C:\Users\Dell\.m2\repository\org\glassfish\jersey\connectors\jersey-jetty-connector\2.32\jersey-jetty-connector-2.32.jar;C:\Users\Dell\.m2\repository\jakarta\ws\rs\jakarta.ws.rs-api\2.1.6\jakarta.ws.rs-api-2.1.6.jar;C:\Users\Dell\.m2\repository\org\eclipse\jetty\jetty-alpn-java-server\9.4.35.v20201120\jetty-alpn-java-server-9.4.35.v20201120.jar;C:\Users\Dell\.m2\repository\org\eclipse\jetty\jetty-io\9.4.35.v20201120\jetty-io-9.4.35.v20201120.jar;C:\Users\Dell\.m2\repository\org\eclipse\jetty\jetty-alpn-java-client\9.4.35.v20201120\jetty-alpn-java-client-9.4.35.v20201120.jar;C:\Users\Dell\.m2\repository\org\eclipse\jetty\jetty-alpn-client\9.4.35.v20201120\jetty-alpn-client-9.4.35.v20201120.jar;C:\Users\Dell\.m2\repository\com\kumuluz\ee\kumuluzee-websocket-jetty\3.12.0\kumuluzee-websocket-jetty-3.12.0.jar;C:\Users\Dell\.m2\repository\org\eclipse\jetty\websocket\javax-websocket-server-impl\9.4.35.v20201120\javax-websocket-server-impl-9.4.35.v20201120.jar;C:\Users\Dell\.m2\repository\org\eclipse\jetty\websocket\websocket-server\9.4.35.v20201120\websocket-server-9.4.35.v20201120.jar;C:\Users\Dell\.m2\repository\org\eclipse\jetty\websocket\websocket-common\9.4.35.v20201120\websocket-common-9.4.35.v20201120.jar;C:\Users\Dell\.m2\repository\org\eclipse\jetty\websocket\websocket-api\9.4.35.v20201120\websocket-api-9.4.35.v20201120.jar;C:\Users\Dell\.m2\repository\org\eclipse\jetty\websocket\websocket-servlet\9.4.35.v20201120\websocket-servlet-9.4.35.v20201120.jar;C:\Users\Dell\.m2\repository\org\eclipse\jetty\websocket\javax-websocket-client-impl\9.4.35.v20201120\javax-websocket-client-impl-9.4.35.v20201120.jar;C:\Users\Dell\.m2\repository\org\eclipse\jetty\websocket\websocket-client\9.4.35.v20201120\websocket-client-9.4.35.v20201120.jar;C:\Users\Dell\.m2\repository\javax\websocket\javax.websocket-client-api\1.0\javax.websocket-client-api-1.0.jar;C:\Users\Dell\.m2\repository\com\kumuluz\ee\kumuluzee-jax-rs-jersey\3.12.0\kumuluzee-jax-rs-jersey-3.12.0.jar;C:\Users\Dell\.m2\repository\org\glassfish\jersey\containers\jersey-container-servlet\2.32\jersey-container-servlet-2.32.jar;C:\Users\Dell\.m2\repository\org\glassfish\jersey\containers\jersey-container-servlet-core\2.32\jersey-container-servlet-core-2.32.jar;C:\Users\Dell\.m2\repository\org\glassfish\jersey\core\jersey-common\2.32\jersey-common-2.32.jar;C:\Users\Dell\.m2\repository\jakarta\annotation\jakarta.annotation-api\1.3.5\jakarta.annotation-api-1.3.5.jar;C:\Users\Dell\.m2\repository\org\glassfish\hk2\osgi-resource-locator\1.0.3\osgi-resource-locator-1.0.3.jar;C:\Users\Dell\.m2\repository\com\sun\activation\jakarta.activation\1.2.2\jakarta.activation-1.2.2.jar;C:\Users\Dell\.m2\repository\org\glassfish\jersey\core\jersey-server\2.32\jersey-server-2.32.jar;C:\Users\Dell\.m2\repository\org\glassfish\jersey\core\jersey-client\2.32\jersey-client-2.32.jar;C:\Users\Dell\.m2\repository\org\glassfish\jersey\media\jersey-media-jaxb\2.32\jersey-media-jaxb-2.32.jar;C:\Users\Dell\.m2\repository\jakarta\validation\jakarta.validation-api\2.0.2\jakarta.validation-api-2.0.2.jar;C:\Users\Dell\.m2\repository\jakarta\xml\bind\jakarta.xml.bind-api\2.3.3\jakarta.xml.bind-api-2.3.3.jar;C:\Users\Dell\.m2\repository\org\glassfish\jersey\media\jersey-media-sse\2.32\jersey-media-sse-2.32.jar;C:\Users\Dell\.m2\repository\org\glassfish\hk2\external\jakarta.inject\2.6.1\jakarta.inject-2.6.1.jar;C:\Users\Dell\.m2\repository\org\glassfish\jersey\media\jersey-media-json-jackson\2.32\jersey-media-json-jackson-2.32.jar;C:\Users\Dell\.m2\repository\org\glassfish\jersey\ext\jersey-entity-filtering\2.32\jersey-entity-filtering-2.32.jar;C:\Users\Dell\.m2\repository\com\fasterxml\jackson\core\jackson-annotations\2.10.1\jackson-annotations-2.10.1.jar;C:\Users\Dell\.m2\repository\com\fasterxml\jackson\core\jackson-databind\2.10.1\jackson-databind-2.10.1.jar;C:\Users\Dell\.m2\repository\com\fasterxml\jackson\core\jackson-core\2.10.1\jackson-core-2.10.1.jar;C:\Users\Dell\.m2\repository\com\fasterxml\jackson\module\jackson-module-jaxb-annotations\2.10.1\jackson-module-jaxb-annotations-2.10.1.jar;C:\Users\Dell\.m2\repository\jakarta\activation\jakarta.activation-api\1.2.1\jakarta.activation-api-1.2.1.jar;C:\Users\Dell\.m2\repository\org\glassfish\jersey\inject\jersey-hk2\2.32\jersey-hk2-2.32.jar;C:\Users\Dell\.m2\repository\org\glassfish\hk2\hk2-locator\2.6.1\hk2-locator-2.6.1.jar;C:\Users\Dell\.m2\repository\org\glassfish\hk2\external\aopalliance-repackaged\2.6.1\aopalliance-repackaged-2.6.1.jar;C:\Users\Dell\.m2\repository\org\glassfish\hk2\hk2-api\2.6.1\hk2-api-2.6.1.jar;C:\Users\Dell\.m2\repository\org\glassfish\hk2\hk2-utils\2.6.1\hk2-utils-2.6.1.jar;C:\Users\Dell\.m2\repository\org\glassfish\jersey\ext\cdi\jersey-cdi1x\2.32\jersey-cdi1x-2.32.jar;C:\Users\Dell\.m2\repository\javax\enterprise\cdi-api\2.0\cdi-api-2.0.jar;C:\Users\Dell\.m2\repository\javax\el\javax.el-api\3.0.0\javax.el-api-3.0.0.jar;C:\Users\Dell\.m2\repository\javax\interceptor\javax.interceptor-api\1.2\javax.interceptor-api-1.2.jar;C:\Users\Dell\.m2\repository\javax\inject\javax.inject\1\javax.inject-1.jar;C:\Users\Dell\.m2\repository\org\javassist\javassist\3.27.0-GA\javassist-3.27.0-GA.jar;C:\Users\Dell\.m2\repository\com\fasterxml\jackson\jaxrs\jackson-jaxrs-json-provider\2.12.0\jackson-jaxrs-json-provider-2.12.0.jar;C:\Users\Dell\.m2\repository\com\fasterxml\jackson\jaxrs\jackson-jaxrs-base\2.12.0\jackson-jaxrs-base-2.12.0.jar;C:\Users\Dell\.m2\repository\javax\activation\activation\1.1.1\activation-1.1.1.jar;C:\Users\Dell\.m2\repository\javax\xml\bind\jaxb-api\2.3.1\jaxb-api-2.3.1.jar;C:\Users\Dell\.m2\repository\javax\activation\javax.activation-api\1.2.0\javax.activation-api-1.2.0.jar;C:\Users\Dell\.m2\repository\javax\ws\rs\javax.ws.rs-api\2.1.1\javax.ws.rs-api-2.1.1.jar;E:\Documents\Workspace\ENSMA_M2_IA_TP_Travaux-pratiques\Conception Logiciel 3\MyMultiChat\MyMultiChat-MessagesAPI\target\MyMultiChat-MessagesAPI-1.0-SNAPSHOT.jar;C:\Users\Dell\.m2\repository\com\google\code\gson\gson\2.8.6\gson-2.8.6.jar;"/>
    <property name="java.vm.vendor" value="AdoptOpenJDK"/>
    <property name="sun.arch.data.model" value="64"/>
    <property name="user.variant" value=""/>
    <property name="java.vendor.url" value="https://adoptopenjdk.net/"/>
    <property name="user.timezone" value="Europe/Paris"/>
    <property name="java.vm.specification.version" value="11"/>
    <property name="os.name" value="Windows 10"/>
    <property name="sun.java.launcher" value="SUN_STANDARD"/>
    <property name="user.country" value="US"/>
    <property name="sun.boot.library.path" value="C:\Program Files\AdoptOpenJDK\jdk-11.0.8.10-hotspot\bin"/>
    <property name="sun.java.command" value="C:\Users\Dell\AppData\Local\Temp\surefire9529914993747554419\surefirebooter15114892484640039053.jar C:\Users\Dell\AppData\Local\Temp\surefire9529914993747554419 2021-01-31T03-03-46_799-jvmRun1 surefire1406691534626201401tmp surefire_115540912254270547816tmp"/>
    <property name="jdk.debug" value="release"/>
    <property name="surefire.test.class.path" value="E:\Documents\Workspace\ENSMA_M2_IA_TP_Travaux-pratiques\Conception Logiciel 3\MyMultiChat\MyMultiChat-Server\target\test-classes;E:\Documents\Workspace\ENSMA_M2_IA_TP_Travaux-pratiques\Conception Logiciel 3\MyMultiChat\MyMultiChat-Server\target\classes;C:\Users\Dell\.m2\repository\org\apache\commons\commons-lang3\3.11\commons-lang3-3.11.jar;C:\Users\Dell\.m2\repository\junit\junit\4.12\junit-4.12.jar;C:\Users\Dell\.m2\repository\org\hamcrest\hamcrest-core\1.3\hamcrest-core-1.3.jar;C:\Users\Dell\.m2\repository\javax\websocket\javax.websocket-api\1.1\javax.websocket-api-1.1.jar;C:\Users\Dell\.m2\repository\com\kumuluz\ee\kumuluzee-core\3.12.0\kumuluzee-core-3.12.0.jar;C:\Users\Dell\.m2\repository\com\kumuluz\ee\kumuluzee-common\3.12.0\kumuluzee-common-3.12.0.jar;C:\Users\Dell\.m2\repository\javax\annotation\javax.annotation-api\1.3.2\javax.annotation-api-1.3.2.jar;C:\Users\Dell\.m2\repository\javax\servlet\javax.servlet-api\3.1.0\javax.servlet-api-3.1.0.jar;C:\Users\Dell\.m2\repository\javax\transaction\javax.transaction-api\1.3\javax.transaction-api-1.3.jar;C:\Users\Dell\.m2\repository\io\agroal\agroal-api\1.9\agroal-api-1.9.jar;C:\Users\Dell\.m2\repository\io\agroal\agroal-hikari\1.9\agroal-hikari-1.9.jar;C:\Users\Dell\.m2\repository\com\zaxxer\HikariCP\3.4.5\HikariCP-3.4.5.jar;C:\Users\Dell\.m2\repository\org\slf4j\slf4j-api\1.7.25\slf4j-api-1.7.25.jar;C:\Users\Dell\.m2\repository\io\agroal\agroal-pool\1.9\agroal-pool-1.9.jar;C:\Users\Dell\.m2\repository\org\yaml\snakeyaml\1.27\snakeyaml-1.27.jar;C:\Users\Dell\.m2\repository\com\kumuluz\ee\kumuluzee-servlet-jetty\3.12.0\kumuluzee-servlet-jetty-3.12.0.jar;C:\Users\Dell\.m2\repository\org\eclipse\jetty\jetty-webapp\9.4.35.v20201120\jetty-webapp-9.4.35.v20201120.jar;C:\Users\Dell\.m2\repository\org\eclipse\jetty\jetty-xml\9.4.35.v20201120\jetty-xml-9.4.35.v20201120.jar;C:\Users\Dell\.m2\repository\org\eclipse\jetty\jetty-servlet\9.4.35.v20201120\jetty-servlet-9.4.35.v20201120.jar;C:\Users\Dell\.m2\repository\org\eclipse\jetty\jetty-security\9.4.35.v20201120\jetty-security-9.4.35.v20201120.jar;C:\Users\Dell\.m2\repository\org\eclipse\jetty\jetty-util-ajax\9.4.35.v20201120\jetty-util-ajax-9.4.35.v20201120.jar;C:\Users\Dell\.m2\repository\org\eclipse\jetty\jetty-annotations\9.4.35.v20201120\jetty-annotations-9.4.35.v20201120.jar;C:\Users\Dell\.m2\repository\org\eclipse\jetty\jetty-plus\9.4.35.v20201120\jetty-plus-9.4.35.v20201120.jar;C:\Users\Dell\.m2\repository\org\ow2\asm\asm\9.0\asm-9.0.jar;C:\Users\Dell\.m2\repository\org\ow2\asm\asm-commons\9.0\asm-commons-9.0.jar;C:\Users\Dell\.m2\repository\org\ow2\asm\asm-tree\9.0\asm-tree-9.0.jar;C:\Users\Dell\.m2\repository\org\ow2\asm\asm-analysis\9.0\asm-analysis-9.0.jar;C:\Users\Dell\.m2\repository\org\eclipse\jetty\jetty-jndi\9.4.35.v20201120\jetty-jndi-9.4.35.v20201120.jar;C:\Users\Dell\.m2\repository\org\eclipse\jetty\jetty-util\9.4.35.v20201120\jetty-util-9.4.35.v20201120.jar;C:\Users\Dell\.m2\repository\org\eclipse\jetty\http2\http2-server\9.4.35.v20201120\http2-server-9.4.35.v20201120.jar;C:\Users\Dell\.m2\repository\org\eclipse\jetty\http2\http2-common\9.4.35.v20201120\http2-common-9.4.35.v20201120.jar;C:\Users\Dell\.m2\repository\org\eclipse\jetty\http2\http2-hpack\9.4.35.v20201120\http2-hpack-9.4.35.v20201120.jar;C:\Users\Dell\.m2\repository\org\eclipse\jetty\jetty-server\9.4.35.v20201120\jetty-server-9.4.35.v20201120.jar;C:\Users\Dell\.m2\repository\org\eclipse\jetty\jetty-http\9.4.35.v20201120\jetty-http-9.4.35.v20201120.jar;C:\Users\Dell\.m2\repository\org\eclipse\jetty\jetty-alpn-server\9.4.35.v20201120\jetty-alpn-server-9.4.35.v20201120.jar;C:\Users\Dell\.m2\repository\org\eclipse\jetty\http2\http2-http-client-transport\9.4.35.v20201120\http2-http-client-transport-9.4.35.v20201120.jar;C:\Users\Dell\.m2\repository\org\eclipse\jetty\jetty-client\9.4.35.v20201120\jetty-client-9.4.35.v20201120.jar;C:\Users\Dell\.m2\repository\org\eclipse\jetty\http2\http2-client\9.4.35.v20201120\http2-client-9.4.35.v20201120.jar;C:\Users\Dell\.m2\repository\org\glassfish\jersey\connectors\jersey-jetty-connector\2.32\jersey-jetty-connector-2.32.jar;C:\Users\Dell\.m2\repository\jakarta\ws\rs\jakarta.ws.rs-api\2.1.6\jakarta.ws.rs-api-2.1.6.jar;C:\Users\Dell\.m2\repository\org\eclipse\jetty\jetty-alpn-java-server\9.4.35.v20201120\jetty-alpn-java-server-9.4.35.v20201120.jar;C:\Users\Dell\.m2\repository\org\eclipse\jetty\jetty-io\9.4.35.v20201120\jetty-io-9.4.35.v20201120.jar;C:\Users\Dell\.m2\repository\org\eclipse\jetty\jetty-alpn-java-client\9.4.35.v20201120\jetty-alpn-java-client-9.4.35.v20201120.jar;C:\Users\Dell\.m2\repository\org\eclipse\jetty\jetty-alpn-client\9.4.35.v20201120\jetty-alpn-client-9.4.35.v20201120.jar;C:\Users\Dell\.m2\repository\com\kumuluz\ee\kumuluzee-websocket-jetty\3.12.0\kumuluzee-websocket-jetty-3.12.0.jar;C:\Users\Dell\.m2\repository\org\eclipse\jetty\websocket\javax-websocket-server-impl\9.4.35.v20201120\javax-websocket-server-impl-9.4.35.v20201120.jar;C:\Users\Dell\.m2\repository\org\eclipse\jetty\websocket\websocket-server\9.4.35.v20201120\websocket-server-9.4.35.v20201120.jar;C:\Users\Dell\.m2\repository\org\eclipse\jetty\websocket\websocket-common\9.4.35.v20201120\websocket-common-9.4.35.v20201120.jar;C:\Users\Dell\.m2\repository\org\eclipse\jetty\websocket\websocket-api\9.4.35.v20201120\websocket-api-9.4.35.v20201120.jar;C:\Users\Dell\.m2\repository\org\eclipse\jetty\websocket\websocket-servlet\9.4.35.v20201120\websocket-servlet-9.4.35.v20201120.jar;C:\Users\Dell\.m2\repository\org\eclipse\jetty\websocket\javax-websocket-client-impl\9.4.35.v20201120\javax-websocket-client-impl-9.4.35.v20201120.jar;C:\Users\Dell\.m2\repository\org\eclipse\jetty\websocket\websocket-client\9.4.35.v20201120\websocket-client-9.4.35.v20201120.jar;C:\Users\Dell\.m2\repository\javax\websocket\javax.websocket-client-api\1.0\javax.websocket-client-api-1.0.jar;C:\Users\Dell\.m2\repository\com\kumuluz\ee\kumuluzee-jax-rs-jersey\3.12.0\kumuluzee-jax-rs-jersey-3.12.0.jar;C:\Users\Dell\.m2\repository\org\glassfish\jersey\containers\jersey-container-servlet\2.32\jersey-container-servlet-2.32.jar;C:\Users\Dell\.m2\repository\org\glassfish\jersey\containers\jersey-container-servlet-core\2.32\jersey-container-servlet-core-2.32.jar;C:\Users\Dell\.m2\repository\org\glassfish\jersey\core\jersey-common\2.32\jersey-common-2.32.jar;C:\Users\Dell\.m2\repository\jakarta\annotation\jakarta.annotation-api\1.3.5\jakarta.annotation-api-1.3.5.jar;C:\Users\Dell\.m2\repository\org\glassfish\hk2\osgi-resource-locator\1.0.3\osgi-resource-locator-1.0.3.jar;C:\Users\Dell\.m2\repository\com\sun\activation\jakarta.activation\1.2.2\jakarta.activation-1.2.2.jar;C:\Users\Dell\.m2\repository\org\glassfish\jersey\core\jersey-server\2.32\jersey-server-2.32.jar;C:\Users\Dell\.m2\repository\org\glassfish\jersey\core\jersey-client\2.32\jersey-client-2.32.jar;C:\Users\Dell\.m2\repository\org\glassfish\jersey\media\jersey-media-jaxb\2.32\jersey-media-jaxb-2.32.jar;C:\Users\Dell\.m2\repository\jakarta\validation\jakarta.validation-api\2.0.2\jakarta.validation-api-2.0.2.jar;C:\Users\Dell\.m2\repository\jakarta\xml\bind\jakarta.xml.bind-api\2.3.3\jakarta.xml.bind-api-2.3.3.jar;C:\Users\Dell\.m2\repository\org\glassfish\jersey\media\jersey-media-sse\2.32\jersey-media-sse-2.32.jar;C:\Users\Dell\.m2\repository\org\glassfish\hk2\external\jakarta.inject\2.6.1\jakarta.inject-2.6.1.jar;C:\Users\Dell\.m2\repository\org\glassfish\jersey\media\jersey-media-json-jackson\2.32\jersey-media-json-jackson-2.32.jar;C:\Users\Dell\.m2\repository\org\glassfish\jersey\ext\jersey-entity-filtering\2.32\jersey-entity-filtering-2.32.jar;C:\Users\Dell\.m2\repository\com\fasterxml\jackson\core\jackson-annotations\2.10.1\jackson-annotations-2.10.1.jar;C:\Users\Dell\.m2\repository\com\fasterxml\jackson\core\jackson-databind\2.10.1\jackson-databind-2.10.1.jar;C:\Users\Dell\.m2\repository\com\fasterxml\jackson\core\jackson-core\2.10.1\jackson-core-2.10.1.jar;C:\Users\Dell\.m2\repository\com\fasterxml\jackson\module\jackson-module-jaxb-annotations\2.10.1\jackson-module-jaxb-annotations-2.10.1.jar;C:\Users\Dell\.m2\repository\jakarta\activation\jakarta.activation-api\1.2.1\jakarta.activation-api-1.2.1.jar;C:\Users\Dell\.m2\repository\org\glassfish\jersey\inject\jersey-hk2\2.32\jersey-hk2-2.32.jar;C:\Users\Dell\.m2\repository\org\glassfish\hk2\hk2-locator\2.6.1\hk2-locator-2.6.1.jar;C:\Users\Dell\.m2\repository\org\glassfish\hk2\external\aopalliance-repackaged\2.6.1\aopalliance-repackaged-2.6.1.jar;C:\Users\Dell\.m2\repository\org\glassfish\hk2\hk2-api\2.6.1\hk2-api-2.6.1.jar;C:\Users\Dell\.m2\repository\org\glassfish\hk2\hk2-utils\2.6.1\hk2-utils-2.6.1.jar;C:\Users\Dell\.m2\repository\org\glassfish\jersey\ext\cdi\jersey-cdi1x\2.32\jersey-cdi1x-2.32.jar;C:\Users\Dell\.m2\repository\javax\enterprise\cdi-api\2.0\cdi-api-2.0.jar;C:\Users\Dell\.m2\repository\javax\el\javax.el-api\3.0.0\javax.el-api-3.0.0.jar;C:\Users\Dell\.m2\repository\javax\interceptor\javax.interceptor-api\1.2\javax.interceptor-api-1.2.jar;C:\Users\Dell\.m2\repository\javax\inject\javax.inject\1\javax.inject-1.jar;C:\Users\Dell\.m2\repository\org\javassist\javassist\3.27.0-GA\javassist-3.27.0-GA.jar;C:\Users\Dell\.m2\repository\com\fasterxml\jackson\jaxrs\jackson-jaxrs-json-provider\2.12.0\jackson-jaxrs-json-provider-2.12.0.jar;C:\Users\Dell\.m2\repository\com\fasterxml\jackson\jaxrs\jackson-jaxrs-base\2.12.0\jackson-jaxrs-base-2.12.0.jar;C:\Users\Dell\.m2\repository\javax\activation\activation\1.1.1\activation-1.1.1.jar;C:\Users\Dell\.m2\repository\javax\xml\bind\jaxb-api\2.3.1\jaxb-api-2.3.1.jar;C:\Users\Dell\.m2\repository\javax\activation\javax.activation-api\1.2.0\javax.activation-api-1.2.0.jar;C:\Users\Dell\.m2\repository\javax\ws\rs\javax.ws.rs-api\2.1.1\javax.ws.rs-api-2.1.1.jar;E:\Documents\Workspace\ENSMA_M2_IA_TP_Travaux-pratiques\Conception Logiciel 3\MyMultiChat\MyMultiChat-MessagesAPI\target\MyMultiChat-MessagesAPI-1.0-SNAPSHOT.jar;C:\Users\Dell\.m2\repository\com\google\code\gson\gson\2.8.6\gson-2.8.6.jar;"/>
    <property name="sun.cpu.endian" value="little"/>
    <property name="user.home" value="C:\Users\Dell"/>
    <property name="user.language" value="en"/>
    <property name="java.specification.vendor" value="Oracle Corporation"/>
    <property name="java.version.date" value="2020-07-14"/>
    <property name="java.home" value="C:\Program Files\AdoptOpenJDK\jdk-11.0.8.10-hotspot"/>
    <property name="file.separator" value="\"/>
    <property name="basedir" value="E:\Documents\Workspace\ENSMA_M2_IA_TP_Travaux-pratiques\Conception Logiciel 3\MyMultiChat\MyMultiChat-Server"/>
    <property name="java.vm.compressedOopsMode" value="Zero based"/>
    <property name="line.separator" value="&#10;"/>
    <property name="java.specification.name" value="Java Platform API Specification"/>
    <property name="java.vm.specification.vendor" value="Oracle Corporation"/>
    <property name="java.awt.graphicsenv" value="sun.awt.Win32GraphicsEnvironment"/>
    <property name="surefire.real.class.path" value="C:\Users\Dell\AppData\Local\Temp\surefire9529914993747554419\surefirebooter15114892484640039053.jar"/>
    <property name="user.script" value=""/>
    <property name="sun.management.compiler" value="HotSpot 64-Bit Tiered Compilers"/>
    <property name="java.runtime.version" value="11.0.8+10"/>
    <property name="user.name" value="Dell"/>
    <property name="path.separator" value=";"/>
    <property name="os.version" value="10.0"/>
    <property name="java.runtime.name" value="OpenJDK Runtime Environment"/>
    <property name="file.encoding" value="Cp1252"/>
    <property name="java.vm.name" value="OpenJDK 64-Bit Server VM"/>
    <property name="java.vendor.version" value="AdoptOpenJDK"/>
    <property name="localRepository" value="C:\Users\Dell\.m2\repository"/>
    <property name="java.vendor.url.bug" value="https://github.com/AdoptOpenJDK/openjdk-support/issues"/>
    <property name="java.io.tmpdir" value="C:\Users\Dell\AppData\Local\Temp\"/>
    <property name="java.version" value="11.0.8"/>
    <property name="user.dir" value="E:\Documents\Workspace\ENSMA_M2_IA_TP_Travaux-pratiques\Conception Logiciel 3\MyMultiChat\MyMultiChat-Server"/>
    <property name="os.arch" value="amd64"/>
    <property name="java.vm.specification.name" value="Java Virtual Machine Specification"/>
    <property name="java.awt.printerjob" value="sun.awt.windows.WPrinterJob"/>
    <property name="sun.os.patch.level" value=""/>
    <property name="java.library.path" value="C:\Program Files\AdoptOpenJDK\jdk-11.0.8.10-hotspot\bin;C:\WINDOWS\Sun\Java\bin;C:\WINDOWS\system32;C:\WINDOWS;C:\Program Files\AdoptOpenJDK\jdk-11.0.8.10-hotspot\bin;E:\Program Files\Microsoft MPI\Bin\;C:\Program Files (x86)\Common Files\Oracle\Java\javapath;C:\Program Files (x86)\Intel\Intel(R) Management Engine Components\iCLS\;C:\Program Files\Intel\Intel(R) Management Engine Components\iCLS\;C:\Windows\system32;C:\Windows;C:\Windows\System32\Wbem;C:\Windows\System32\WindowsPowerShell\v1.0\;C:\Windows\System32\OpenSSH\;C:\Program Files (x86)\Intel\Intel(R) Management Engine Components\DAL;C:\Program Files\Intel\Intel(R) Management Engine Components\DAL;C:\Program Files (x86)\Intel\Intel(R) Management Engine Components\IPT;C:\Program Files\Intel\Intel(R) Management Engine Components\IPT;C:\Program Files\Microsoft SQL Server\Client SDK\ODBC\110\Tools\Binn\;C:\Program Files (x86)\Microsoft SQL Server\120\Tools\Binn\;C:\Program Files\Microsoft SQL Server\120\Tools\Binn\;C:\Program Files\Microsoft SQL Server\120\DTS\Binn\;C:\Program Files (x86)\Windows Kits\8.1\Windows Performance Toolkit\;C:\WINDOWS\system32;C:\WINDOWS;C:\WINDOWS\System32\Wbem;C:\WINDOWS\System32\WindowsPowerShell\v1.0\;C:\WINDOWS\System32\OpenSSH\;C:\Program Files\Intel\WiFi\bin\;C:\Program Files\Common Files\Intel\WirelessCommon\;E:\Program Files\nodejs\;E:\Program Files\Git\cmd;E:\Program Files\Git LFS;D:\Python\Scripts\;D:\Python\;C:\Users\Dell\AppData\Local\Microsoft\WindowsApps;E:\Program Files\Microsoft VS Code\Microsoft VS Code\bin;E:\Program Files\mingw-w64\x86_64-8.1.0-posix-seh-rt_v6-rev0\mingw64\bin;E:\Program Files\apache-maven-3.6.3\bin;C:\Users\Dell\AppData\Roaming\npm;."/>
    <property name="java.vm.info" value="mixed mode"/>
    <property name="java.vendor" value="AdoptOpenJDK"/>
    <property name="java.vm.version" value="11.0.8+10"/>
    <property name="sun.io.unicode.encoding" value="UnicodeLittle"/>
    <property name="java.class.version" value="55.0"/>
  </properties>
  <testcase name="testApp" classname="fr.ensma.a3.ia.AppTest" time="0.001"/>
</testsuite>